# JRE version: OpenJDK Runtime Environment (10.0.2+13) (build 10.0.2+13-Ubuntu-1ubuntu0.18.04.4)
# Java VM: OpenJDK 64-Bit Server VM (10.0.2+13-Ubuntu-1ubuntu0.18.04.4, mixed mode, tiered, compressed oops, g1 gc, linux-amd64)
Heap:
 garbage-first heap   total 63488K, used 7253K [0x00000000c3c00000, 0x0000000100000000)
  region size 1024K, 6 young (6144K), 2 survivors (2048K)
 Metaspace       used 22982K, capacity 23627K, committed 23936K, reserved 1071104K
  class space    used 2401K, capacity 2686K, committed 2688K, reserved 1048576K
GC Heap History (6 events):
Event: 1,521 GC heap before
{Heap before GC invocations=0 (full 0):
 garbage-first heap   total 63488K, used 7168K [0x00000000c3c00000, 0x0000000100000000)
  region size 1024K, 7 young (7168K), 0 survivors (0K)
 Metaspace       used 11417K, capacity 11757K, committed 12032K, reserved 1060864K
  class space    used 1071K, capacity 1262K, committed 1280K, reserved 1048576K
}
Event: 1,532 GC heap after
{Heap after GC invocations=1 (full 0):
 garbage-first heap   total 63488K, used 2032K [0x00000000c3c00000, 0x0000000100000000)
  region size 1024K, 1 young (1024K), 1 survivors (1024K)
 Metaspace       used 11417K, capacity 11757K, committed 12032K, reserved 1060864K
  class space    used 1071K, capacity 1262K, committed 1280K, reserved 1048576K
}
Event: 1,845 GC heap before
{Heap before GC invocations=1 (full 0):
 garbage-first heap   total 63488K, used 6128K [0x00000000c3c00000, 0x0000000100000000)
  region size 1024K, 5 young (5120K), 1 survivors (1024K)
 Metaspace       used 12250K, capacity 12706K, committed 13056K, reserved 1060864K
  class space    used 1186K, capacity 1433K, committed 1536K, reserved 1048576K
}
Event: 1,860 GC heap after
{Heap after GC invocations=2 (full 0):
 garbage-first heap   total 63488K, used 2655K [0x00000000c3c00000, 0x0000000100000000)
  region size 1024K, 1 young (1024K), 1 survivors (1024K)
 Metaspace       used 12250K, capacity 12706K, committed 13056K, reserved 1060864K
  class space    used 1186K, capacity 1433K, committed 1536K, reserved 1048576K
}
Event: 4,823 GC heap before
{Heap before GC invocations=2 (full 0):
 garbage-first heap   total 63488K, used 8799K [0x00000000c3c00000, 0x0000000100000000)
  region size 1024K, 8 young (8192K), 1 survivors (1024K)
 Metaspace       used 20538K, capacity 21074K, committed 21296K, reserved 1069056K
  class space    used 2165K, capacity 2432K, committed 2432K, reserved 1048576K
}
Event: 4,852 GC heap after
{Heap after GC invocations=3 (full 0):
 garbage-first heap   total 63488K, used 4181K [0x00000000c3c00000, 0x0000000100000000)
  region size 1024K, 2 young (2048K), 2 survivors (2048K)
 Metaspace       used 20538K, capacity 21074K, committed 21296K, reserved 1069056K
  class space    used 2165K, capacity 2432K, committed 2432K, reserved 1048576K
}

