# JRE version: OpenJDK Runtime Environment (10.0.2+13) (build 10.0.2+13-Ubuntu-1ubuntu0.18.04.4)
# Java VM: OpenJDK 64-Bit Server VM (10.0.2+13-Ubuntu-1ubuntu0.18.04.4, mixed mode, tiered, compressed oops, g1 gc, linux-amd64)
Heap:
 garbage-first heap   total 63488K, used 7258K [0x00000000c3c00000, 0x0000000100000000)
  region size 1024K, 6 young (6144K), 2 survivors (2048K)
 Metaspace       used 22922K, capacity 23467K, committed 23936K, reserved 1071104K
  class space    used 2392K, capacity 2654K, committed 2688K, reserved 1048576K
GC Heap History (6 events):
Event: 1,449 GC heap before
{Heap before GC invocations=0 (full 0):
 garbage-first heap   total 63488K, used 7168K [0x00000000c3c00000, 0x0000000100000000)
  region size 1024K, 7 young (7168K), 0 survivors (0K)
 Metaspace       used 11342K, capacity 11661K, committed 11776K, reserved 1060864K
  class space    used 1066K, capacity 1230K, committed 1280K, reserved 1048576K
}
Event: 1,465 GC heap after
{Heap after GC invocations=1 (full 0):
 garbage-first heap   total 63488K, used 1948K [0x00000000c3c00000, 0x0000000100000000)
  region size 1024K, 1 young (1024K), 1 survivors (1024K)
 Metaspace       used 11342K, capacity 11661K, committed 11776K, reserved 1060864K
  class space    used 1066K, capacity 1230K, committed 1280K, reserved 1048576K
}
Event: 1,856 GC heap before
{Heap before GC invocations=1 (full 0):
 garbage-first heap   total 63488K, used 6044K [0x00000000c3c00000, 0x0000000100000000)
  region size 1024K, 5 young (5120K), 1 survivors (1024K)
 Metaspace       used 12214K, capacity 12706K, committed 13056K, reserved 1060864K
  class space    used 1185K, capacity 1433K, committed 1536K, reserved 1048576K
}
Event: 1,866 GC heap after
{Heap after GC invocations=2 (full 0):
 garbage-first heap   total 63488K, used 2762K [0x00000000c3c00000, 0x0000000100000000)
  region size 1024K, 1 young (1024K), 1 survivors (1024K)
 Metaspace       used 12214K, capacity 12706K, committed 13056K, reserved 1060864K
  class space    used 1185K, capacity 1433K, committed 1536K, reserved 1048576K
}
Event: 17,458 GC heap before
{Heap before GC invocations=2 (full 0):
 garbage-first heap   total 63488K, used 8906K [0x00000000c3c00000, 0x0000000100000000)
  region size 1024K, 8 young (8192K), 1 survivors (1024K)
 Metaspace       used 20564K, capacity 21074K, committed 21296K, reserved 1069056K
  class space    used 2165K, capacity 2432K, committed 2432K, reserved 1048576K
}
Event: 17,471 GC heap after
{Heap after GC invocations=3 (full 0):
 garbage-first heap   total 63488K, used 4186K [0x00000000c3c00000, 0x0000000100000000)
  region size 1024K, 2 young (2048K), 2 survivors (2048K)
 Metaspace       used 20564K, capacity 21074K, committed 21296K, reserved 1069056K
  class space    used 2165K, capacity 2432K, committed 2432K, reserved 1048576K
}

