# JRE version: OpenJDK Runtime Environment (10.0.2+13) (build 10.0.2+13-Ubuntu-1ubuntu0.18.04.4)
# Java VM: OpenJDK 64-Bit Server VM (10.0.2+13-Ubuntu-1ubuntu0.18.04.4, mixed mode, tiered, compressed oops, g1 gc, linux-amd64)
Heap:
 garbage-first heap   total 63488K, used 6350K [0x00000000c3c00000, 0x0000000100000000)
  region size 1024K, 4 young (4096K), 2 survivors (2048K)
 Metaspace       used 23214K, capacity 23843K, committed 24320K, reserved 1071104K
  class space    used 2411K, capacity 2690K, committed 2816K, reserved 1048576K
GC Heap History (8 events):
Event: 1,524 GC heap before
{Heap before GC invocations=0 (full 0):
 garbage-first heap   total 63488K, used 7168K [0x00000000c3c00000, 0x0000000100000000)
  region size 1024K, 7 young (7168K), 0 survivors (0K)
 Metaspace       used 11400K, capacity 11758K, committed 12032K, reserved 1060864K
  class space    used 1071K, capacity 1262K, committed 1280K, reserved 1048576K
}
Event: 1,543 GC heap after
{Heap after GC invocations=1 (full 0):
 garbage-first heap   total 63488K, used 2024K [0x00000000c3c00000, 0x0000000100000000)
  region size 1024K, 1 young (1024K), 1 survivors (1024K)
 Metaspace       used 11400K, capacity 11758K, committed 12032K, reserved 1060864K
  class space    used 1071K, capacity 1262K, committed 1280K, reserved 1048576K
}
Event: 1,918 GC heap before
{Heap before GC invocations=1 (full 0):
 garbage-first heap   total 63488K, used 6120K [0x00000000c3c00000, 0x0000000100000000)
  region size 1024K, 5 young (5120K), 1 survivors (1024K)
 Metaspace       used 12263K, capacity 12771K, committed 13056K, reserved 1060864K
  class space    used 1186K, capacity 1433K, committed 1536K, reserved 1048576K
}
Event: 1,967 GC heap after
{Heap after GC invocations=2 (full 0):
 garbage-first heap   total 63488K, used 2667K [0x00000000c3c00000, 0x0000000100000000)
  region size 1024K, 1 young (1024K), 1 survivors (1024K)
 Metaspace       used 12263K, capacity 12771K, committed 13056K, reserved 1060864K
  class space    used 1186K, capacity 1433K, committed 1536K, reserved 1048576K
}
Event: 5,291 GC heap before
{Heap before GC invocations=2 (full 0):
 garbage-first heap   total 63488K, used 8811K [0x00000000c3c00000, 0x0000000100000000)
  region size 1024K, 8 young (8192K), 1 survivors (1024K)
 Metaspace       used 20522K, capacity 21011K, committed 21296K, reserved 1069056K
  class space    used 2165K, capacity 2432K, committed 2432K, reserved 1048576K
}
Event: 5,329 GC heap after
{Heap after GC invocations=3 (full 0):
 garbage-first heap   total 63488K, used 4182K [0x00000000c3c00000, 0x0000000100000000)
  region size 1024K, 2 young (2048K), 2 survivors (2048K)
 Metaspace       used 20522K, capacity 21011K, committed 21296K, reserved 1069056K
  class space    used 2165K, capacity 2432K, committed 2432K, reserved 1048576K
}
Event: 10,227 GC heap before
{Heap before GC invocations=4 (full 0):
 garbage-first heap   total 63488K, used 18518K [0x00000000c3c00000, 0x0000000100000000)
  region size 1024K, 16 young (16384K), 2 survivors (2048K)
 Metaspace       used 23197K, capacity 23837K, committed 24320K, reserved 1071104K
  class space    used 2410K, capacity 2689K, committed 2816K, reserved 1048576K
}
Event: 10,241 GC heap after
{Heap after GC invocations=5 (full 0):
 garbage-first heap   total 63488K, used 5326K [0x00000000c3c00000, 0x0000000100000000)
  region size 1024K, 2 young (2048K), 2 survivors (2048K)
 Metaspace       used 23197K, capacity 23837K, committed 24320K, reserved 1071104K
  class space    used 2410K, capacity 2689K, committed 2816K, reserved 1048576K
}

