# JRE version: OpenJDK Runtime Environment (10.0.2+13) (build 10.0.2+13-Ubuntu-1ubuntu0.18.04.4)
# Java VM: OpenJDK 64-Bit Server VM (10.0.2+13-Ubuntu-1ubuntu0.18.04.4, mixed mode, tiered, compressed oops, g1 gc, linux-amd64)
Heap:
 garbage-first heap   total 63488K, used 7168K [0x00000000c3c00000, 0x0000000100000000)
  region size 1024K, 6 young (6144K), 2 survivors (2048K)
 Metaspace       used 22830K, capacity 23402K, committed 23680K, reserved 1071104K
  class space    used 2394K, capacity 2654K, committed 2688K, reserved 1048576K
GC Heap History (6 events):
Event: 2,435 GC heap before
{Heap before GC invocations=0 (full 0):
 garbage-first heap   total 63488K, used 7168K [0x00000000c3c00000, 0x0000000100000000)
  region size 1024K, 7 young (7168K), 0 survivors (0K)
 Metaspace       used 10714K, capacity 11090K, committed 11264K, reserved 1058816K
  class space    used 1009K, capacity 1189K, committed 1280K, reserved 1048576K
}
Event: 2,448 GC heap after
{Heap after GC invocations=1 (full 0):
 garbage-first heap   total 63488K, used 1962K [0x00000000c3c00000, 0x0000000100000000)
  region size 1024K, 1 young (1024K), 1 survivors (1024K)
 Metaspace       used 10714K, capacity 11090K, committed 11264K, reserved 1058816K
  class space    used 1009K, capacity 1189K, committed 1280K, reserved 1048576K
}
Event: 2,834 GC heap before
{Heap before GC invocations=1 (full 0):
 garbage-first heap   total 63488K, used 6058K [0x00000000c3c00000, 0x0000000100000000)
  region size 1024K, 5 young (5120K), 1 survivors (1024K)
 Metaspace       used 12191K, capacity 12654K, committed 13056K, reserved 1060864K
  class space    used 1174K, capacity 1418K, committed 1536K, reserved 1048576K
}
Event: 2,851 GC heap after
{Heap after GC invocations=2 (full 0):
 garbage-first heap   total 63488K, used 2499K [0x00000000c3c00000, 0x0000000100000000)
  region size 1024K, 1 young (1024K), 1 survivors (1024K)
 Metaspace       used 12191K, capacity 12654K, committed 13056K, reserved 1060864K
  class space    used 1174K, capacity 1418K, committed 1536K, reserved 1048576K
}
Event: 13,479 GC heap before
{Heap before GC invocations=2 (full 0):
 garbage-first heap   total 63488K, used 9667K [0x00000000c3c00000, 0x0000000100000000)
  region size 1024K, 9 young (9216K), 1 survivors (1024K)
 Metaspace       used 20565K, capacity 21076K, committed 21296K, reserved 1069056K
  class space    used 2165K, capacity 2432K, committed 2432K, reserved 1048576K
}
Event: 13,492 GC heap after
{Heap after GC invocations=3 (full 0):
 garbage-first heap   total 63488K, used 4096K [0x00000000c3c00000, 0x0000000100000000)
  region size 1024K, 2 young (2048K), 2 survivors (2048K)
 Metaspace       used 20565K, capacity 21076K, committed 21296K, reserved 1069056K
  class space    used 2165K, capacity 2432K, committed 2432K, reserved 1048576K
}

