# JRE version: OpenJDK Runtime Environment (10.0.2+13) (build 10.0.2+13-Ubuntu-1ubuntu0.18.04.4)
# Java VM: OpenJDK 64-Bit Server VM (10.0.2+13-Ubuntu-1ubuntu0.18.04.4, mixed mode, tiered, compressed oops, g1 gc, linux-amd64)
Heap:
 garbage-first heap   total 63488K, used 5040K [0x00000000c3c00000, 0x0000000100000000)
  region size 1024K, 4 young (4096K), 2 survivors (2048K)
 Metaspace       used 21668K, capacity 22235K, committed 22524K, reserved 1069056K
  class space    used 2303K, capacity 2583K, committed 2636K, reserved 1048576K
GC Heap History (6 events):
Event: 1,777 GC heap before
{Heap before GC invocations=0 (full 0):
 garbage-first heap   total 63488K, used 7168K [0x00000000c3c00000, 0x0000000100000000)
  region size 1024K, 7 young (7168K), 0 survivors (0K)
 Metaspace       used 11510K, capacity 11836K, committed 12032K, reserved 1060864K
  class space    used 1084K, capacity 1266K, committed 1280K, reserved 1048576K
}
Event: 1,791 GC heap after
{Heap after GC invocations=1 (full 0):
 garbage-first heap   total 63488K, used 1754K [0x00000000c3c00000, 0x0000000100000000)
  region size 1024K, 1 young (1024K), 1 survivors (1024K)
 Metaspace       used 11510K, capacity 11836K, committed 12032K, reserved 1060864K
  class space    used 1084K, capacity 1266K, committed 1280K, reserved 1048576K
}
Event: 2,068 GC heap before
{Heap before GC invocations=1 (full 0):
 garbage-first heap   total 63488K, used 5850K [0x00000000c3c00000, 0x0000000100000000)
  region size 1024K, 5 young (5120K), 1 survivors (1024K)
 Metaspace       used 12205K, capacity 12625K, committed 12800K, reserved 1060864K
  class space    used 1187K, capacity 1428K, committed 1536K, reserved 1048576K
}
Event: 2,084 GC heap after
{Heap after GC invocations=2 (full 0):
 garbage-first heap   total 63488K, used 2491K [0x00000000c3c00000, 0x0000000100000000)
  region size 1024K, 1 young (1024K), 1 survivors (1024K)
 Metaspace       used 12205K, capacity 12625K, committed 12800K, reserved 1060864K
  class space    used 1187K, capacity 1428K, committed 1536K, reserved 1048576K
}
Event: 5,258 GC heap before
{Heap before GC invocations=2 (full 0):
 garbage-first heap   total 63488K, used 8635K [0x00000000c3c00000, 0x0000000100000000)
  region size 1024K, 8 young (8192K), 1 survivors (1024K)
 Metaspace       used 20591K, capacity 21076K, committed 21296K, reserved 1069056K
  class space    used 2172K, capacity 2430K, committed 2432K, reserved 1048576K
}
Event: 5,272 GC heap after
{Heap after GC invocations=3 (full 0):
 garbage-first heap   total 63488K, used 4016K [0x00000000c3c00000, 0x0000000100000000)
  region size 1024K, 2 young (2048K), 2 survivors (2048K)
 Metaspace       used 20591K, capacity 21076K, committed 21296K, reserved 1069056K
  class space    used 2172K, capacity 2430K, committed 2432K, reserved 1048576K
}

