# JRE version: OpenJDK Runtime Environment (10.0.2+13) (build 10.0.2+13-Ubuntu-1ubuntu0.18.04.4)
# Java VM: OpenJDK 64-Bit Server VM (10.0.2+13-Ubuntu-1ubuntu0.18.04.4, mixed mode, tiered, compressed oops, g1 gc, linux-amd64)
Heap:
 garbage-first heap   total 63488K, used 5027K [0x00000000c3c00000, 0x0000000100000000)
  region size 1024K, 4 young (4096K), 2 survivors (2048K)
 Metaspace       used 21698K, capacity 22299K, committed 22780K, reserved 1069056K
  class space    used 2303K, capacity 2583K, committed 2636K, reserved 1048576K
GC Heap History (6 events):
Event: 1,454 GC heap before
{Heap before GC invocations=0 (full 0):
 garbage-first heap   total 63488K, used 7168K [0x00000000c3c00000, 0x0000000100000000)
  region size 1024K, 7 young (7168K), 0 survivors (0K)
 Metaspace       used 11376K, capacity 11697K, committed 11776K, reserved 1060864K
  class space    used 1076K, capacity 1262K, committed 1280K, reserved 1048576K
}
Event: 1,467 GC heap after
{Heap after GC invocations=1 (full 0):
 garbage-first heap   total 63488K, used 1735K [0x00000000c3c00000, 0x0000000100000000)
  region size 1024K, 1 young (1024K), 1 survivors (1024K)
 Metaspace       used 11376K, capacity 11697K, committed 11776K, reserved 1060864K
  class space    used 1076K, capacity 1262K, committed 1280K, reserved 1048576K
}
Event: 1,741 GC heap before
{Heap before GC invocations=1 (full 0):
 garbage-first heap   total 63488K, used 5831K [0x00000000c3c00000, 0x0000000100000000)
  region size 1024K, 5 young (5120K), 1 survivors (1024K)
 Metaspace       used 12173K, capacity 12606K, committed 12800K, reserved 1060864K
  class space    used 1183K, capacity 1422K, committed 1536K, reserved 1048576K
}
Event: 1,750 GC heap after
{Heap after GC invocations=2 (full 0):
 garbage-first heap   total 63488K, used 2441K [0x00000000c3c00000, 0x0000000100000000)
  region size 1024K, 1 young (1024K), 1 survivors (1024K)
 Metaspace       used 12173K, capacity 12606K, committed 12800K, reserved 1060864K
  class space    used 1183K, capacity 1422K, committed 1536K, reserved 1048576K
}
Event: 4,714 GC heap before
{Heap before GC invocations=2 (full 0):
 garbage-first heap   total 63488K, used 9609K [0x00000000c3c00000, 0x0000000100000000)
  region size 1024K, 9 young (9216K), 1 survivors (1024K)
 Metaspace       used 20596K, capacity 21073K, committed 21296K, reserved 1069056K
  class space    used 2171K, capacity 2430K, committed 2432K, reserved 1048576K
}
Event: 4,736 GC heap after
{Heap after GC invocations=3 (full 0):
 garbage-first heap   total 63488K, used 4003K [0x00000000c3c00000, 0x0000000100000000)
  region size 1024K, 2 young (2048K), 2 survivors (2048K)
 Metaspace       used 20596K, capacity 21073K, committed 21296K, reserved 1069056K
  class space    used 2171K, capacity 2430K, committed 2432K, reserved 1048576K
}

