# JRE version: OpenJDK Runtime Environment (10.0.2+13) (build 10.0.2+13-Ubuntu-1ubuntu0.18.04.4)
# Java VM: OpenJDK 64-Bit Server VM (10.0.2+13-Ubuntu-1ubuntu0.18.04.4, mixed mode, tiered, compressed oops, g1 gc, linux-amd64)
Heap:
 garbage-first heap   total 63488K, used 8359K [0x00000000c3c00000, 0x0000000100000000)
  region size 1024K, 7 young (7168K), 2 survivors (2048K)
 Metaspace       used 23164K, capacity 23755K, committed 24192K, reserved 1071104K
  class space    used 2421K, capacity 2686K, committed 2688K, reserved 1048576K
GC Heap History (6 events):
Event: 1,732 GC heap before
{Heap before GC invocations=0 (full 0):
 garbage-first heap   total 63488K, used 7168K [0x00000000c3c00000, 0x0000000100000000)
  region size 1024K, 7 young (7168K), 0 survivors (0K)
 Metaspace       used 11359K, capacity 11661K, committed 11776K, reserved 1060864K
  class space    used 1066K, capacity 1230K, committed 1280K, reserved 1048576K
}
Event: 1,748 GC heap after
{Heap after GC invocations=1 (full 0):
 garbage-first heap   total 63488K, used 2060K [0x00000000c3c00000, 0x0000000100000000)
  region size 1024K, 1 young (1024K), 1 survivors (1024K)
 Metaspace       used 11359K, capacity 11661K, committed 11776K, reserved 1060864K
  class space    used 1066K, capacity 1230K, committed 1280K, reserved 1048576K
}
Event: 2,083 GC heap before
{Heap before GC invocations=1 (full 0):
 garbage-first heap   total 63488K, used 6156K [0x00000000c3c00000, 0x0000000100000000)
  region size 1024K, 5 young (5120K), 1 survivors (1024K)
 Metaspace       used 12143K, capacity 12599K, committed 12800K, reserved 1060864K
  class space    used 1176K, capacity 1421K, committed 1536K, reserved 1048576K
}
Event: 2,099 GC heap after
{Heap after GC invocations=2 (full 0):
 garbage-first heap   total 63488K, used 2658K [0x00000000c3c00000, 0x0000000100000000)
  region size 1024K, 1 young (1024K), 1 survivors (1024K)
 Metaspace       used 12143K, capacity 12599K, committed 12800K, reserved 1060864K
  class space    used 1176K, capacity 1421K, committed 1536K, reserved 1048576K
}
Event: 5,339 GC heap before
{Heap before GC invocations=2 (full 0):
 garbage-first heap   total 63488K, used 9826K [0x00000000c3c00000, 0x0000000100000000)
  region size 1024K, 9 young (9216K), 1 survivors (1024K)
 Metaspace       used 20565K, capacity 21076K, committed 21296K, reserved 1069056K
  class space    used 2166K, capacity 2432K, committed 2432K, reserved 1048576K
}
Event: 5,354 GC heap after
{Heap after GC invocations=3 (full 0):
 garbage-first heap   total 63488K, used 4263K [0x00000000c3c00000, 0x0000000100000000)
  region size 1024K, 2 young (2048K), 2 survivors (2048K)
 Metaspace       used 20565K, capacity 21076K, committed 21296K, reserved 1069056K
  class space    used 2166K, capacity 2432K, committed 2432K, reserved 1048576K
}

