# JRE version: OpenJDK Runtime Environment (10.0.2+13) (build 10.0.2+13-Ubuntu-1ubuntu0.18.04.4)
# Java VM: OpenJDK 64-Bit Server VM (10.0.2+13-Ubuntu-1ubuntu0.18.04.4, mixed mode, tiered, compressed oops, g1 gc, linux-amd64)
Heap:
 garbage-first heap   total 63488K, used 4996K [0x00000000c3c00000, 0x0000000100000000)
  region size 1024K, 4 young (4096K), 2 survivors (2048K)
 Metaspace       used 21524K, capacity 22120K, committed 22576K, reserved 1069056K
  class space    used 2291K, capacity 2584K, committed 2688K, reserved 1048576K
GC Heap History (6 events):
Event: 1,540 GC heap before
{Heap before GC invocations=0 (full 0):
 garbage-first heap   total 63488K, used 7168K [0x00000000c3c00000, 0x0000000100000000)
  region size 1024K, 7 young (7168K), 0 survivors (0K)
 Metaspace       used 11393K, capacity 11789K, committed 12032K, reserved 1060864K
  class space    used 1072K, capacity 1268K, committed 1280K, reserved 1048576K
}
Event: 1,558 GC heap after
{Heap after GC invocations=1 (full 0):
 garbage-first heap   total 63488K, used 1734K [0x00000000c3c00000, 0x0000000100000000)
  region size 1024K, 1 young (1024K), 1 survivors (1024K)
 Metaspace       used 11393K, capacity 11789K, committed 12032K, reserved 1060864K
  class space    used 1072K, capacity 1268K, committed 1280K, reserved 1048576K
}
Event: 2,177 GC heap before
{Heap before GC invocations=1 (full 0):
 garbage-first heap   total 63488K, used 6854K [0x00000000c3c00000, 0x0000000100000000)
  region size 1024K, 6 young (6144K), 1 survivors (1024K)
 Metaspace       used 12229K, capacity 12700K, committed 13056K, reserved 1060864K
  class space    used 1192K, capacity 1448K, committed 1536K, reserved 1048576K
}
Event: 2,190 GC heap after
{Heap after GC invocations=2 (full 0):
 garbage-first heap   total 63488K, used 2370K [0x00000000c3c00000, 0x0000000100000000)
  region size 1024K, 1 young (1024K), 1 survivors (1024K)
 Metaspace       used 12229K, capacity 12700K, committed 13056K, reserved 1060864K
  class space    used 1192K, capacity 1448K, committed 1536K, reserved 1048576K
}
Event: 53,836 GC heap before
{Heap before GC invocations=2 (full 0):
 garbage-first heap   total 63488K, used 8514K [0x00000000c3c00000, 0x0000000100000000)
  region size 1024K, 8 young (8192K), 1 survivors (1024K)
 Metaspace       used 20524K, capacity 21028K, committed 21296K, reserved 1069056K
  class space    used 2161K, capacity 2432K, committed 2432K, reserved 1048576K
}
Event: 53,848 GC heap after
{Heap after GC invocations=3 (full 0):
 garbage-first heap   total 63488K, used 3972K [0x00000000c3c00000, 0x0000000100000000)
  region size 1024K, 2 young (2048K), 2 survivors (2048K)
 Metaspace       used 20524K, capacity 21028K, committed 21296K, reserved 1069056K
  class space    used 2161K, capacity 2432K, committed 2432K, reserved 1048576K
}

